[ 2016-09-06T09:57:34+08:00 ] ::1 /index.php/Home/index/wcd
INFO: [ app_init ] --START--
INFO: Run Behavior\BuildLiteBehavior [ RunTime:0.000000s ]
INFO: [ app_init ] --END-- [ RunTime:0.000000s ]
NOTIC: [8] Use of undefined constant DEFAULT_THEME - assumed 'DEFAULT_THEME' C:\xampp\htdocs\tpAdmin\App\Home\Conf\config.php 第 13 行.
INFO: [ app_begin ] --START--
INFO: Run Behavior\ReadHtmlCacheBehavior [ RunTime:0.001000s ]
INFO: [ app_begin ] --END-- [ RunTime:0.001000s ]
INFO: [ view_parse ] --START--
INFO: Run Behavior\ParseTemplateBehavior [ RunTime:0.081005s ]
INFO: [ view_parse ] --END-- [ RunTime:0.081005s ]
INFO: [ view_filter ] --START--
INFO: Run Behavior\WriteHtmlCacheBehavior [ RunTime:0.000000s ]
INFO: Run Behavior\TokenBuildBehavior [ RunTime:0.000000s ]
INFO: [ view_filter ] --END-- [ RunTime:0.001000s ]
INFO: [ app_end ] --START--
INFO: Run Behavior\ShowPageTraceBehavior [ RunTime:0.001000s ]
INFO: [ app_end ] --END-- [ RunTime:0.001000s ]

[ 2016-09-06T09:57:46+08:00 ] ::1 /index.php/Home/index/wcd
INFO: [ app_init ] --START--
INFO: Run Behavior\BuildLiteBehavior [ RunTime:0.000000s ]
INFO: [ app_init ] --END-- [ RunTime:0.000000s ]
NOTIC: [8] Use of undefined constant DEFAULT_THEME - assumed 'DEFAULT_THEME' C:\xampp\htdocs\tpAdmin\App\Home\Conf\config.php 第 13 行.
INFO: [ app_begin ] --START--
INFO: Run Behavior\ReadHtmlCacheBehavior [ RunTime:0.000000s ]
INFO: [ app_begin ] --END-- [ RunTime:0.000000s ]
INFO: [ view_parse ] --START--
NOTIC: [8] Undefined index: Think C:\xampp\htdocs\tpAdmin\Public\Runtime\Temp\smarty_compile\fd10a9eae782e1b8c3e235fcee0d845e83c3154d.file.wcd.html.cache.php 第 71 行.
NOTIC: [8] Trying to get property of non-object C:\xampp\htdocs\tpAdmin\Public\Runtime\Temp\smarty_compile\fd10a9eae782e1b8c3e235fcee0d845e83c3154d.file.wcd.html.cache.php 第 71 行.
INFO: Run Behavior\ParseTemplateBehavior [ RunTime:0.040002s ]
INFO: [ view_parse ] --END-- [ RunTime:0.040002s ]
INFO: [ view_filter ] --START--
INFO: Run Behavior\WriteHtmlCacheBehavior [ RunTime:0.000000s ]
INFO: Run Behavior\TokenBuildBehavior [ RunTime:0.001000s ]
INFO: [ view_filter ] --END-- [ RunTime:0.001000s ]
INFO: [ app_end ] --START--
INFO: Run Behavior\ShowPageTraceBehavior [ RunTime:0.000000s ]
INFO: [ app_end ] --END-- [ RunTime:0.000000s ]

